2025-03-19 16:17:53,050 p=2739856 u=tallonea n=ansible INFO|  _______________________________
< PLAY [Deploy ActiveMQ to SVI] >
 -------------------------------
        \   ^__^
         \  (oo)\_______
            (__)\       )\/\
                ||----w |
                ||     ||


2025-03-19 16:17:53,082 p=2739856 u=tallonea n=ansible INFO|  ________________________
< TASK [Gathering Facts] >
 ------------------------
        \   ^__^
         \  (oo)\_______
            (__)\       )\/\
                ||----w |
                ||     ||


2025-03-19 16:17:56,380 p=2739856 u=tallonea n=ansible INFO| ok: [svi-server]
2025-03-19 16:17:56,400 p=2739856 u=tallonea n=ansible INFO|  _______________________________________________
< TASK [activemq_setup : Create activemq group] >
 -----------------------------------------------
        \   ^__^
         \  (oo)\_______
            (__)\       )\/\
                ||----w |
                ||     ||


2025-03-19 16:17:57,844 p=2739856 u=tallonea n=ansible INFO| changed: [svi-server]
2025-03-19 16:17:57,872 p=2739856 u=tallonea n=ansible INFO|  ______________________________________________
< TASK [activemq_setup : Create activemq user] >
 ----------------------------------------------
        \   ^__^
         \  (oo)\_______
            (__)\       )\/\
                ||----w |
                ||     ||


2025-03-19 16:17:59,339 p=2739856 u=tallonea n=ansible INFO| changed: [svi-server]
2025-03-19 16:17:59,366 p=2739856 u=tallonea n=ansible INFO|  ___________________________________________
< TASK [activemq_setup : Download ActiveMQ] >
 -------------------------------------------
        \   ^__^
         \  (oo)\_______
            (__)\       )\/\
                ||----w |
                ||     ||


2025-03-19 16:18:01,918 p=2739856 u=tallonea n=ansible INFO| changed: [svi-server]
2025-03-19 16:18:01,948 p=2739856 u=tallonea n=ansible INFO|  __________________________________________
< TASK [activemq_setup : Extract ActiveMQ] >
 ------------------------------------------
        \   ^__^
         \  (oo)\_______
            (__)\       )\/\
                ||----w |
                ||     ||


2025-03-19 16:18:06,087 p=2739856 u=tallonea n=ansible INFO| changed: [svi-server]
2025-03-19 16:18:06,118 p=2739856 u=tallonea n=ansible INFO|  _______________________________________________________
< TASK [activemq_setup : Set ownership and permissions] >
 -------------------------------------------------------
        \   ^__^
         \  (oo)\_______
            (__)\       )\/\
                ||----w |
                ||     ||


2025-03-19 16:18:07,529 p=2739856 u=tallonea n=ansible INFO| changed: [svi-server]
2025-03-19 16:18:07,561 p=2739856 u=tallonea n=ansible INFO|  _______________________________________________________
< TASK [activemq_setup : Deploy ActiveMQ configuration] >
 -------------------------------------------------------
        \   ^__^
         \  (oo)\_______
            (__)\       )\/\
                ||----w |
                ||     ||


2025-03-19 16:18:07,914 p=2739856 u=tallonea n=ansible INFO| An exception occurred during task execution. To see the full traceback, use -vvv. The error was: If you are using a module and expect the file to exist on the remote, see the remote_src option
2025-03-19 16:18:07,914 p=2739856 u=tallonea n=ansible INFO| fatal: [svi-server]: FAILED! => {"changed": false, "msg": "Could not find or access 'activemq.xml.j2'\nSearched in:\n\t/home/tallonea/.config/ansible/roles/activemq_setup/templates/activemq.xml.j2\n\t/home/tallonea/.config/ansible/roles/activemq_setup/activemq.xml.j2\n\t/home/tallonea/.config/ansible/roles/activemq_setup/tasks/templates/activemq.xml.j2\n\t/home/tallonea/.config/ansible/roles/activemq_setup/tasks/activemq.xml.j2\n\t/home/tallonea/.config/ansible/playbooks/templates/activemq.xml.j2\n\t/home/tallonea/.config/ansible/playbooks/activemq.xml.j2 on the Ansible Controller.\nIf you are using a module and expect the file to exist on the remote, see the remote_src option"}
2025-03-19 16:18:07,941 p=2739856 u=tallonea n=ansible INFO|  ____________
< PLAY RECAP >
 ------------
        \   ^__^
         \  (oo)\_______
            (__)\       )\/\
                ||----w |
                ||     ||


2025-03-19 16:18:07,941 p=2739856 u=tallonea n=ansible INFO| svi-server                 : ok=6    changed=5    unreachable=0    failed=1    skipped=0    rescued=0    ignored=0   
2025-03-19 16:24:43,576 p=2834005 u=tallonea n=ansible INFO|  _______________________________
< PLAY [Deploy ActiveMQ to SVI] >
 -------------------------------
        \   ^__^
         \  (oo)\_______
            (__)\       )\/\
                ||----w |
                ||     ||


2025-03-19 16:24:43,607 p=2834005 u=tallonea n=ansible INFO|  ________________________
< TASK [Gathering Facts] >
 ------------------------
        \   ^__^
         \  (oo)\_______
            (__)\       )\/\
                ||----w |
                ||     ||


2025-03-19 16:24:46,743 p=2834005 u=tallonea n=ansible INFO| ok: [svi-server]
2025-03-19 16:24:46,761 p=2834005 u=tallonea n=ansible INFO|  _______________________________________________
< TASK [activemq_setup : Create activemq group] >
 -----------------------------------------------
        \   ^__^
         \  (oo)\_______
            (__)\       )\/\
                ||----w |
                ||     ||


2025-03-19 16:24:48,198 p=2834005 u=tallonea n=ansible INFO| ok: [svi-server]
2025-03-19 16:24:48,227 p=2834005 u=tallonea n=ansible INFO|  ______________________________________________
< TASK [activemq_setup : Create activemq user] >
 ----------------------------------------------
        \   ^__^
         \  (oo)\_______
            (__)\       )\/\
                ||----w |
                ||     ||


2025-03-19 16:24:49,762 p=2834005 u=tallonea n=ansible INFO| ok: [svi-server]
2025-03-19 16:24:49,788 p=2834005 u=tallonea n=ansible INFO|  ___________________________________________
< TASK [activemq_setup : Download ActiveMQ] >
 -------------------------------------------
        \   ^__^
         \  (oo)\_______
            (__)\       )\/\
                ||----w |
                ||     ||


2025-03-19 16:24:51,357 p=2834005 u=tallonea n=ansible INFO| ok: [svi-server]
2025-03-19 16:24:51,380 p=2834005 u=tallonea n=ansible INFO|  __________________________________________
< TASK [activemq_setup : Extract ActiveMQ] >
 ------------------------------------------
        \   ^__^
         \  (oo)\_______
            (__)\       )\/\
                ||----w |
                ||     ||


2025-03-19 16:24:54,877 p=2834005 u=tallonea n=ansible INFO| ok: [svi-server]
2025-03-19 16:24:54,914 p=2834005 u=tallonea n=ansible INFO|  _______________________________________________________
< TASK [activemq_setup : Set ownership and permissions] >
 -------------------------------------------------------
        \   ^__^
         \  (oo)\_______
            (__)\       )\/\
                ||----w |
                ||     ||


2025-03-19 16:24:56,350 p=2834005 u=tallonea n=ansible INFO| ok: [svi-server]
2025-03-19 16:24:56,380 p=2834005 u=tallonea n=ansible INFO|  _______________________________________________________
< TASK [activemq_setup : Deploy ActiveMQ configuration] >
 -------------------------------------------------------
        \   ^__^
         \  (oo)\_______
            (__)\       )\/\
                ||----w |
                ||     ||


2025-03-19 16:24:59,288 p=2834005 u=tallonea n=ansible INFO| fatal: [svi-server]: FAILED! => {"changed": false, "checksum": "8bc485412dfca1f31ff141d15fc26365df5fd04a", "msg": "Destination directory /opt/activemq/conf does not exist"}
2025-03-19 16:24:59,313 p=2834005 u=tallonea n=ansible INFO|  ____________
< PLAY RECAP >
 ------------
        \   ^__^
         \  (oo)\_______
            (__)\       )\/\
                ||----w |
                ||     ||


2025-03-19 16:24:59,313 p=2834005 u=tallonea n=ansible INFO| svi-server                 : ok=6    changed=0    unreachable=0    failed=1    skipped=0    rescued=0    ignored=0   
2025-03-19 16:26:17,762 p=2854559 u=tallonea n=ansible INFO| {
    "ansible.builtin.runas": "Run As user",
    "ansible.builtin.su": "Substitute User",
    "ansible.builtin.sudo": "Substitute User DO"
}
2025-03-19 16:29:29,683 p=2893603 u=tallonea n=ansible INFO| {
    "ansible.builtin.runas": "Run As user",
    "ansible.builtin.su": "Substitute User",
    "ansible.builtin.sudo": "Substitute User DO"
}
2025-03-19 16:29:36,026 p=2894805 u=tallonea n=ansible INFO|  _______________________________
< PLAY [Deploy ActiveMQ to SVI] >
 -------------------------------
        \   ^__^
         \  (oo)\_______
            (__)\       )\/\
                ||----w |
                ||     ||


2025-03-19 16:29:36,055 p=2894805 u=tallonea n=ansible INFO|  ________________________
< TASK [Gathering Facts] >
 ------------------------
        \   ^__^
         \  (oo)\_______
            (__)\       )\/\
                ||----w |
                ||     ||


2025-03-19 16:29:39,177 p=2894805 u=tallonea n=ansible INFO| ok: [svi-server]
2025-03-19 16:29:39,197 p=2894805 u=tallonea n=ansible INFO|  _______________________________________________
< TASK [activemq_setup : Create activemq group] >
 -----------------------------------------------
        \   ^__^
         \  (oo)\_______
            (__)\       )\/\
                ||----w |
                ||     ||


2025-03-19 16:29:40,579 p=2894805 u=tallonea n=ansible INFO| ok: [svi-server]
2025-03-19 16:29:40,605 p=2894805 u=tallonea n=ansible INFO|  ______________________________________________
< TASK [activemq_setup : Create activemq user] >
 ----------------------------------------------
        \   ^__^
         \  (oo)\_______
            (__)\       )\/\
                ||----w |
                ||     ||


2025-03-19 16:29:42,013 p=2894805 u=tallonea n=ansible INFO| ok: [svi-server]
2025-03-19 16:29:42,043 p=2894805 u=tallonea n=ansible INFO|  ___________________________________________
< TASK [activemq_setup : Download ActiveMQ] >
 -------------------------------------------
        \   ^__^
         \  (oo)\_______
            (__)\       )\/\
                ||----w |
                ||     ||


2025-03-19 16:29:43,585 p=2894805 u=tallonea n=ansible INFO| ok: [svi-server]
2025-03-19 16:29:43,612 p=2894805 u=tallonea n=ansible INFO|  __________________________________________
< TASK [activemq_setup : Extract ActiveMQ] >
 ------------------------------------------
        \   ^__^
         \  (oo)\_______
            (__)\       )\/\
                ||----w |
                ||     ||


2025-03-19 16:29:46,997 p=2894805 u=tallonea n=ansible INFO| ok: [svi-server]
2025-03-19 16:29:47,019 p=2894805 u=tallonea n=ansible INFO|  _______________________________________________________
< TASK [activemq_setup : Set ownership and permissions] >
 -------------------------------------------------------
        \   ^__^
         \  (oo)\_______
            (__)\       )\/\
                ||----w |
                ||     ||


2025-03-19 16:29:48,476 p=2894805 u=tallonea n=ansible INFO| changed: [svi-server]
2025-03-19 16:29:48,505 p=2894805 u=tallonea n=ansible INFO|  _____________________________________
< TASK [activemq_setup : Set symlink] >
 -------------------------------------
        \   ^__^
         \  (oo)\_______
            (__)\       )\/\
                ||----w |
                ||     ||


2025-03-19 16:29:49,751 p=2894805 u=tallonea n=ansible INFO| fatal: [svi-server]: FAILED! => {"changed": false, "gid": 1001, "group": "activemq", "mode": "0750", "msg": "refusing to convert from directory to symlink for /opt/activemq", "owner": "activemq", "path": "/opt/activemq", "size": 4096, "state": "directory", "uid": 999}
2025-03-19 16:29:49,772 p=2894805 u=tallonea n=ansible INFO|  ____________
< PLAY RECAP >
 ------------
        \   ^__^
         \  (oo)\_______
            (__)\       )\/\
                ||----w |
                ||     ||


2025-03-19 16:29:49,772 p=2894805 u=tallonea n=ansible INFO| svi-server                 : ok=6    changed=1    unreachable=0    failed=1    skipped=0    rescued=0    ignored=0   
2025-03-19 16:32:13,321 p=2926764 u=tallonea n=ansible INFO| {
    "ansible.builtin.runas": "Run As user",
    "ansible.builtin.su": "Substitute User",
    "ansible.builtin.sudo": "Substitute User DO"
}
2025-03-19 16:32:17,283 p=2927464 u=tallonea n=ansible INFO|  _______________________________
< PLAY [Deploy ActiveMQ to SVI] >
 -------------------------------
        \   ^__^
         \  (oo)\_______
            (__)\       )\/\
                ||----w |
                ||     ||


2025-03-19 16:32:17,315 p=2927464 u=tallonea n=ansible INFO|  ________________________
< TASK [Gathering Facts] >
 ------------------------
        \   ^__^
         \  (oo)\_______
            (__)\       )\/\
                ||----w |
                ||     ||


2025-03-19 16:32:20,397 p=2927464 u=tallonea n=ansible INFO| ok: [svi-server]
2025-03-19 16:32:20,427 p=2927464 u=tallonea n=ansible INFO|  _______________________________________________
< TASK [activemq_setup : Create activemq group] >
 -----------------------------------------------
        \   ^__^
         \  (oo)\_______
            (__)\       )\/\
                ||----w |
                ||     ||


2025-03-19 16:32:21,837 p=2927464 u=tallonea n=ansible INFO| ok: [svi-server]
2025-03-19 16:32:21,866 p=2927464 u=tallonea n=ansible INFO|  ______________________________________________
< TASK [activemq_setup : Create activemq user] >
 ----------------------------------------------
        \   ^__^
         \  (oo)\_______
            (__)\       )\/\
                ||----w |
                ||     ||


2025-03-19 16:32:23,263 p=2927464 u=tallonea n=ansible INFO| changed: [svi-server]
2025-03-19 16:32:23,286 p=2927464 u=tallonea n=ansible INFO|  ___________________________________________
< TASK [activemq_setup : Download ActiveMQ] >
 -------------------------------------------
        \   ^__^
         \  (oo)\_______
            (__)\       )\/\
                ||----w |
                ||     ||


2025-03-19 16:32:24,791 p=2927464 u=tallonea n=ansible INFO| ok: [svi-server]
2025-03-19 16:32:24,817 p=2927464 u=tallonea n=ansible INFO|  __________________________________________
< TASK [activemq_setup : Extract ActiveMQ] >
 ------------------------------------------
        \   ^__^
         \  (oo)\_______
            (__)\       )\/\
                ||----w |
                ||     ||


2025-03-19 16:32:28,696 p=2927464 u=tallonea n=ansible INFO| changed: [svi-server]
2025-03-19 16:32:28,723 p=2927464 u=tallonea n=ansible INFO|  _______________________________________________________
< TASK [activemq_setup : Set ownership and permissions] >
 -------------------------------------------------------
        \   ^__^
         \  (oo)\_______
            (__)\       )\/\
                ||----w |
                ||     ||


2025-03-19 16:32:30,041 p=2927464 u=tallonea n=ansible INFO| changed: [svi-server]
2025-03-19 16:32:30,066 p=2927464 u=tallonea n=ansible INFO|  ________________________________________________________
< TASK [activemq_setup : Delete symlink dir if existing] >
 --------------------------------------------------------
        \   ^__^
         \  (oo)\_______
            (__)\       )\/\
                ||----w |
                ||     ||


2025-03-19 16:32:31,275 p=2927464 u=tallonea n=ansible INFO| ok: [svi-server]
2025-03-19 16:32:31,302 p=2927464 u=tallonea n=ansible INFO|  _____________________________________
< TASK [activemq_setup : Set symlink] >
 -------------------------------------
        \   ^__^
         \  (oo)\_______
            (__)\       )\/\
                ||----w |
                ||     ||


2025-03-19 16:32:32,486 p=2927464 u=tallonea n=ansible INFO| fatal: [svi-server]: FAILED! => {"changed": false, "gid": 1001, "group": "activemq", "mode": "0755", "msg": "refusing to convert from directory to symlink for /opt/activemq", "owner": "activemq", "path": "/opt/activemq", "size": 4096, "state": "directory", "uid": 999}
2025-03-19 16:32:32,512 p=2927464 u=tallonea n=ansible INFO|  ____________
< PLAY RECAP >
 ------------
        \   ^__^
         \  (oo)\_______
            (__)\       )\/\
                ||----w |
                ||     ||


2025-03-19 16:32:32,512 p=2927464 u=tallonea n=ansible INFO| svi-server                 : ok=7    changed=3    unreachable=0    failed=1    skipped=0    rescued=0    ignored=0   
2025-03-19 16:34:53,404 p=2954561 u=tallonea n=ansible INFO| {
    "ansible.builtin.runas": "Run As user",
    "ansible.builtin.su": "Substitute User",
    "ansible.builtin.sudo": "Substitute User DO"
}
2025-03-19 16:34:58,349 p=2955316 u=tallonea n=ansible INFO|  _______________________________
< PLAY [Deploy ActiveMQ to SVI] >
 -------------------------------
        \   ^__^
         \  (oo)\_______
            (__)\       )\/\
                ||----w |
                ||     ||


2025-03-19 16:34:58,389 p=2955316 u=tallonea n=ansible INFO|  ________________________
< TASK [Gathering Facts] >
 ------------------------
        \   ^__^
         \  (oo)\_______
            (__)\       )\/\
                ||----w |
                ||     ||


2025-03-19 16:35:01,317 p=2955316 u=tallonea n=ansible INFO| ok: [svi-server]
2025-03-19 16:35:01,337 p=2955316 u=tallonea n=ansible INFO|  _______________________________________________
< TASK [activemq_setup : Create activemq group] >
 -----------------------------------------------
        \   ^__^
         \  (oo)\_______
            (__)\       )\/\
                ||----w |
                ||     ||


2025-03-19 16:35:02,649 p=2955316 u=tallonea n=ansible INFO| ok: [svi-server]
2025-03-19 16:35:02,678 p=2955316 u=tallonea n=ansible INFO|  ______________________________________________
< TASK [activemq_setup : Create activemq user] >
 ----------------------------------------------
        \   ^__^
         \  (oo)\_______
            (__)\       )\/\
                ||----w |
                ||     ||


2025-03-19 16:35:04,017 p=2955316 u=tallonea n=ansible INFO| ok: [svi-server]
2025-03-19 16:35:04,045 p=2955316 u=tallonea n=ansible INFO|  ___________________________________________
< TASK [activemq_setup : Download ActiveMQ] >
 -------------------------------------------
        \   ^__^
         \  (oo)\_______
            (__)\       )\/\
                ||----w |
                ||     ||


2025-03-19 16:35:05,482 p=2955316 u=tallonea n=ansible INFO| ok: [svi-server]
2025-03-19 16:35:05,500 p=2955316 u=tallonea n=ansible INFO|  __________________________________________
< TASK [activemq_setup : Extract ActiveMQ] >
 ------------------------------------------
        \   ^__^
         \  (oo)\_______
            (__)\       )\/\
                ||----w |
                ||     ||


2025-03-19 16:35:09,364 p=2955316 u=tallonea n=ansible INFO| changed: [svi-server]
2025-03-19 16:35:09,391 p=2955316 u=tallonea n=ansible INFO|  _______________________________________________________
< TASK [activemq_setup : Set ownership and permissions] >
 -------------------------------------------------------
        \   ^__^
         \  (oo)\_______
            (__)\       )\/\
                ||----w |
                ||     ||


2025-03-19 16:35:10,722 p=2955316 u=tallonea n=ansible INFO| changed: [svi-server]
2025-03-19 16:35:10,765 p=2955316 u=tallonea n=ansible INFO|  ________________________________________________________
< TASK [activemq_setup : Delete symlink dir if existing] >
 --------------------------------------------------------
        \   ^__^
         \  (oo)\_______
            (__)\       )\/\
                ||----w |
                ||     ||


2025-03-19 16:35:11,993 p=2955316 u=tallonea n=ansible INFO| changed: [svi-server]
2025-03-19 16:35:12,019 p=2955316 u=tallonea n=ansible INFO|  _____________________________________
< TASK [activemq_setup : Set symlink] >
 -------------------------------------
        \   ^__^
         \  (oo)\_______
            (__)\       )\/\
                ||----w |
                ||     ||


2025-03-19 16:35:13,235 p=2955316 u=tallonea n=ansible INFO| changed: [svi-server]
2025-03-19 16:35:13,261 p=2955316 u=tallonea n=ansible INFO|  _______________________________________________________
< TASK [activemq_setup : Deploy ActiveMQ configuration] >
 -------------------------------------------------------
        \   ^__^
         \  (oo)\_______
            (__)\       )\/\
                ||----w |
                ||     ||


2025-03-19 16:35:16,079 p=2955316 u=tallonea n=ansible INFO| changed: [svi-server]
2025-03-19 16:35:16,108 p=2955316 u=tallonea n=ansible INFO|  _________________________________________________________
< TASK [activemq_setup : Create ActiveMQ systemd service] >
 ---------------------------------------------------------
        \   ^__^
         \  (oo)\_______
            (__)\       )\/\
                ||----w |
                ||     ||


2025-03-19 16:35:18,713 p=2955316 u=tallonea n=ansible INFO| changed: [svi-server]
2025-03-19 16:35:18,744 p=2955316 u=tallonea n=ansible INFO|  ___________________________________________________
< TASK [activemq_setup : Start and Enable ActiveMQ] >
 ---------------------------------------------------
        \   ^__^
         \  (oo)\_______
            (__)\       )\/\
                ||----w |
                ||     ||


2025-03-19 16:35:20,675 p=2955316 u=tallonea n=ansible INFO| changed: [svi-server]
2025-03-19 16:35:20,707 p=2955316 u=tallonea n=ansible INFO|  _____________________________________________________
< RUNNING HANDLER [activemq_setup : Restart ActiveMQ] >
 -----------------------------------------------------
        \   ^__^
         \  (oo)\_______
            (__)\       )\/\
                ||----w |
                ||     ||


2025-03-19 16:35:22,309 p=2955316 u=tallonea n=ansible INFO| fatal: [svi-server]: FAILED! => {"changed": false, "msg": "Unable to start service activemq: Job for activemq.service failed because the control process exited with error code.\nSee \"systemctl status activemq.service\" and \"journalctl -xeu activemq.service\" for details.\n"}
2025-03-19 16:35:22,326 p=2955316 u=tallonea n=ansible INFO|  ____________
< PLAY RECAP >
 ------------
        \   ^__^
         \  (oo)\_______
            (__)\       )\/\
                ||----w |
                ||     ||


2025-03-19 16:35:22,327 p=2955316 u=tallonea n=ansible INFO| svi-server                 : ok=11   changed=7    unreachable=0    failed=1    skipped=0    rescued=0    ignored=0   
2025-03-19 16:43:59,883 p=3053048 u=tallonea n=ansible ERROR| ERROR! the playbook: all could not be found
2025-03-19 16:44:15,391 p=3056464 u=tallonea n=ansible ERROR| ERROR! the playbook: all could not be found
2025-03-19 16:44:32,993 p=3059718 u=tallonea n=ansible INFO|  _______________________________
< PLAY [Deploy ActiveMQ to SVI] >
 -------------------------------
        \   ^__^
         \  (oo)\_______
            (__)\       )\/\
                ||----w |
                ||     ||


2025-03-19 16:44:33,024 p=3059718 u=tallonea n=ansible INFO|  ________________________
< TASK [Gathering Facts] >
 ------------------------
        \   ^__^
         \  (oo)\_______
            (__)\       )\/\
                ||----w |
                ||     ||


2025-03-19 16:44:36,531 p=3059718 u=tallonea n=ansible INFO| ok: [svi-server]
2025-03-19 16:44:36,569 p=3059718 u=tallonea n=ansible INFO|  _______________________________________________
< TASK [activemq_setup : Create activemq group] >
 -----------------------------------------------
        \   ^__^
         \  (oo)\_______
            (__)\       )\/\
                ||----w |
                ||     ||


2025-03-19 16:44:38,065 p=3059718 u=tallonea n=ansible INFO| ok: [svi-server]
2025-03-19 16:44:38,089 p=3059718 u=tallonea n=ansible INFO|  ______________________________________________
< TASK [activemq_setup : Create activemq user] >
 ----------------------------------------------
        \   ^__^
         \  (oo)\_______
            (__)\       )\/\
                ||----w |
                ||     ||


2025-03-19 16:44:39,641 p=3059718 u=tallonea n=ansible INFO| ok: [svi-server]
2025-03-19 16:44:39,672 p=3059718 u=tallonea n=ansible INFO|  ___________________________________________
< TASK [activemq_setup : Download ActiveMQ] >
 -------------------------------------------
        \   ^__^
         \  (oo)\_______
            (__)\       )\/\
                ||----w |
                ||     ||


2025-03-19 16:44:41,327 p=3059718 u=tallonea n=ansible INFO| ok: [svi-server]
2025-03-19 16:44:41,352 p=3059718 u=tallonea n=ansible INFO|  __________________________________________
< TASK [activemq_setup : Extract ActiveMQ] >
 ------------------------------------------
        \   ^__^
         \  (oo)\_______
            (__)\       )\/\
                ||----w |
                ||     ||


2025-03-19 16:44:45,519 p=3059718 u=tallonea n=ansible INFO| changed: [svi-server]
2025-03-19 16:44:45,541 p=3059718 u=tallonea n=ansible INFO|  _______________________________________________________
< TASK [activemq_setup : Set ownership and permissions] >
 -------------------------------------------------------
        \   ^__^
         \  (oo)\_______
            (__)\       )\/\
                ||----w |
                ||     ||


2025-03-19 16:44:47,097 p=3059718 u=tallonea n=ansible INFO| changed: [svi-server]
2025-03-19 16:44:47,122 p=3059718 u=tallonea n=ansible INFO|  ________________________________________________________
< TASK [activemq_setup : Delete symlink dir if existing] >
 --------------------------------------------------------
        \   ^__^
         \  (oo)\_______
            (__)\       )\/\
                ||----w |
                ||     ||


2025-03-19 16:44:48,528 p=3059718 u=tallonea n=ansible INFO| changed: [svi-server]
2025-03-19 16:44:48,558 p=3059718 u=tallonea n=ansible INFO|  _____________________________________
< TASK [activemq_setup : Set symlink] >
 -------------------------------------
        \   ^__^
         \  (oo)\_______
            (__)\       )\/\
                ||----w |
                ||     ||


2025-03-19 16:44:49,935 p=3059718 u=tallonea n=ansible INFO| changed: [svi-server]
2025-03-19 16:44:49,959 p=3059718 u=tallonea n=ansible INFO|  _______________________________________________________
< TASK [activemq_setup : Deploy ActiveMQ configuration] >
 -------------------------------------------------------
        \   ^__^
         \  (oo)\_______
            (__)\       )\/\
                ||----w |
                ||     ||


2025-03-19 16:44:53,010 p=3059718 u=tallonea n=ansible INFO| changed: [svi-server]
2025-03-19 16:44:53,035 p=3059718 u=tallonea n=ansible INFO|  _________________________________________________________
< TASK [activemq_setup : Create ActiveMQ systemd service] >
 ---------------------------------------------------------
        \   ^__^
         \  (oo)\_______
            (__)\       )\/\
                ||----w |
                ||     ||


2025-03-19 16:44:55,459 p=3059718 u=tallonea n=ansible INFO| ok: [svi-server]
2025-03-19 16:44:55,480 p=3059718 u=tallonea n=ansible INFO|  ___________________________________________________
< TASK [activemq_setup : Start and Enable ActiveMQ] >
 ---------------------------------------------------
        \   ^__^
         \  (oo)\_______
            (__)\       )\/\
                ||----w |
                ||     ||


2025-03-19 16:44:57,400 p=3059718 u=tallonea n=ansible INFO| changed: [svi-server]
2025-03-19 16:44:57,433 p=3059718 u=tallonea n=ansible INFO|  _____________________________________________________
< RUNNING HANDLER [activemq_setup : Restart ActiveMQ] >
 -----------------------------------------------------
        \   ^__^
         \  (oo)\_______
            (__)\       )\/\
                ||----w |
                ||     ||


2025-03-19 16:44:59,183 p=3059718 u=tallonea n=ansible INFO| fatal: [svi-server]: FAILED! => {"changed": false, "msg": "Unable to start service activemq: Job for activemq.service failed because the control process exited with error code.\nSee \"systemctl status activemq.service\" and \"journalctl -xeu activemq.service\" for details.\n"}
2025-03-19 16:44:59,208 p=3059718 u=tallonea n=ansible INFO|  ____________
< PLAY RECAP >
 ------------
        \   ^__^
         \  (oo)\_______
            (__)\       )\/\
                ||----w |
                ||     ||


2025-03-19 16:44:59,209 p=3059718 u=tallonea n=ansible INFO| svi-server                 : ok=11   changed=6    unreachable=0    failed=1    skipped=0    rescued=0    ignored=0   
2025-03-19 16:45:14,688 p=3068616 u=tallonea n=ansible ERROR|  [ERROR]: User interrupted execution

2025-03-19 16:49:11,725 p=3125690 u=tallonea n=ansible INFO| {}
2025-03-19 16:49:12,237 p=3125973 u=tallonea n=ansible INFO| {
    "ansible.builtin.runas": "Run As user",
    "ansible.builtin.su": "Substitute User",
    "ansible.builtin.sudo": "Substitute User DO"
}
2025-03-19 16:49:12,472 p=3125997 u=tallonea n=ansible INFO| {
    "ansible.builtin.runas": "Run As user",
    "ansible.builtin.su": "Substitute User",
    "ansible.builtin.sudo": "Substitute User DO"
}
2025-03-19 16:56:00,194 p=3225342 u=tallonea n=ansible INFO|  _______________________________
< PLAY [Deploy ActiveMQ to SVI] >
 -------------------------------
        \   ^__^
         \  (oo)\_______
            (__)\       )\/\
                ||----w |
                ||     ||


2025-03-19 16:56:00,236 p=3225342 u=tallonea n=ansible INFO|  ________________________
< TASK [Gathering Facts] >
 ------------------------
        \   ^__^
         \  (oo)\_______
            (__)\       )\/\
                ||----w |
                ||     ||


2025-03-19 16:56:03,333 p=3225342 u=tallonea n=ansible INFO| ok: [svi-server]
2025-03-19 16:56:03,352 p=3225342 u=tallonea n=ansible INFO|  _______________________________________________
< TASK [activemq_setup : Create activemq group] >
 -----------------------------------------------
        \   ^__^
         \  (oo)\_______
            (__)\       )\/\
                ||----w |
                ||     ||


2025-03-19 16:56:04,731 p=3225342 u=tallonea n=ansible INFO| ok: [svi-server]
2025-03-19 16:56:04,752 p=3225342 u=tallonea n=ansible INFO|  ______________________________________________
< TASK [activemq_setup : Create activemq user] >
 ----------------------------------------------
        \   ^__^
         \  (oo)\_______
            (__)\       )\/\
                ||----w |
                ||     ||


2025-03-19 16:56:06,153 p=3225342 u=tallonea n=ansible INFO| ok: [svi-server]
2025-03-19 16:56:06,208 p=3225342 u=tallonea n=ansible INFO|  ___________________________________________
< TASK [activemq_setup : Download ActiveMQ] >
 -------------------------------------------
        \   ^__^
         \  (oo)\_______
            (__)\       )\/\
                ||----w |
                ||     ||


2025-03-19 16:56:08,017 p=3225342 u=tallonea n=ansible INFO| ok: [svi-server]
2025-03-19 16:56:08,043 p=3225342 u=tallonea n=ansible INFO|  __________________________________________
< TASK [activemq_setup : Extract ActiveMQ] >
 ------------------------------------------
        \   ^__^
         \  (oo)\_______
            (__)\       )\/\
                ||----w |
                ||     ||


2025-03-19 16:56:12,113 p=3225342 u=tallonea n=ansible INFO| changed: [svi-server]
2025-03-19 16:56:12,136 p=3225342 u=tallonea n=ansible INFO|  _______________________________________________________
< TASK [activemq_setup : Set ownership and permissions] >
 -------------------------------------------------------
        \   ^__^
         \  (oo)\_______
            (__)\       )\/\
                ||----w |
                ||     ||


2025-03-19 16:56:13,556 p=3225342 u=tallonea n=ansible INFO| changed: [svi-server]
2025-03-19 16:56:13,583 p=3225342 u=tallonea n=ansible INFO|  ________________________________________________________
< TASK [activemq_setup : Delete symlink dir if existing] >
 --------------------------------------------------------
        \   ^__^
         \  (oo)\_______
            (__)\       )\/\
                ||----w |
                ||     ||


2025-03-19 16:56:14,908 p=3225342 u=tallonea n=ansible INFO| changed: [svi-server]
2025-03-19 16:56:14,951 p=3225342 u=tallonea n=ansible INFO|  _____________________________________
< TASK [activemq_setup : Set symlink] >
 -------------------------------------
        \   ^__^
         \  (oo)\_______
            (__)\       )\/\
                ||----w |
                ||     ||


2025-03-19 16:56:16,213 p=3225342 u=tallonea n=ansible INFO| changed: [svi-server]
2025-03-19 16:56:16,236 p=3225342 u=tallonea n=ansible INFO|  _______________________________________________________
< TASK [activemq_setup : Deploy ActiveMQ configuration] >
 -------------------------------------------------------
        \   ^__^
         \  (oo)\_______
            (__)\       )\/\
                ||----w |
                ||     ||


2025-03-19 16:56:19,048 p=3225342 u=tallonea n=ansible INFO| changed: [svi-server]
2025-03-19 16:56:19,069 p=3225342 u=tallonea n=ansible INFO|  _________________________________________________________
< TASK [activemq_setup : Create ActiveMQ systemd service] >
 ---------------------------------------------------------
        \   ^__^
         \  (oo)\_______
            (__)\       )\/\
                ||----w |
                ||     ||


2025-03-19 16:56:21,254 p=3225342 u=tallonea n=ansible INFO| ok: [svi-server]
2025-03-19 16:56:21,281 p=3225342 u=tallonea n=ansible INFO|  ___________________________________________________
< TASK [activemq_setup : Start and Enable ActiveMQ] >
 ---------------------------------------------------
        \   ^__^
         \  (oo)\_______
            (__)\       )\/\
                ||----w |
                ||     ||


2025-03-19 16:56:22,969 p=3225342 u=tallonea n=ansible INFO| changed: [svi-server]
2025-03-19 16:56:23,004 p=3225342 u=tallonea n=ansible INFO|  _____________________________________________________
< RUNNING HANDLER [activemq_setup : Restart ActiveMQ] >
 -----------------------------------------------------
        \   ^__^
         \  (oo)\_______
            (__)\       )\/\
                ||----w |
                ||     ||


2025-03-19 16:56:24,520 p=3225342 u=tallonea n=ansible INFO| fatal: [svi-server]: FAILED! => {"changed": false, "msg": "Unable to start service activemq: Job for activemq.service failed because the control process exited with error code.\nSee \"systemctl status activemq.service\" and \"journalctl -xeu activemq.service\" for details.\n"}
2025-03-19 16:56:24,545 p=3225342 u=tallonea n=ansible INFO|  ____________
< PLAY RECAP >
 ------------
        \   ^__^
         \  (oo)\_______
            (__)\       )\/\
                ||----w |
                ||     ||


2025-03-19 16:56:24,545 p=3225342 u=tallonea n=ansible INFO| svi-server                 : ok=11   changed=6    unreachable=0    failed=1    skipped=0    rescued=0    ignored=0   
2025-03-19 16:58:22,881 p=3258911 u=tallonea n=ansible INFO|  _______________________________
< PLAY [Deploy ActiveMQ to SVI] >
 -------------------------------
        \   ^__^
         \  (oo)\_______
            (__)\       )\/\
                ||----w |
                ||     ||


2025-03-19 16:58:22,882 p=3258911 u=tallonea n=ansible INFO| skipping: no hosts matched
2025-03-19 16:58:22,899 p=3258911 u=tallonea n=ansible INFO|  ______________________________
< PLAY [Deploy ActiveMQ to QA] >
 ------------------------------
        \   ^__^
         \  (oo)\_______
            (__)\       )\/\
                ||----w |
                ||     ||


2025-03-19 16:58:22,931 p=3258911 u=tallonea n=ansible INFO|  ________________________
< TASK [Gathering Facts] >
 ------------------------
        \   ^__^
         \  (oo)\_______
            (__)\       )\/\
                ||----w |
                ||     ||


2025-03-19 16:58:26,131 p=3258911 u=tallonea n=ansible INFO| ok: [qa-server]
2025-03-19 16:58:26,161 p=3258911 u=tallonea n=ansible INFO|  _______________________________________________
< TASK [activemq_setup : Create activemq group] >
 -----------------------------------------------
        \   ^__^
         \  (oo)\_______
            (__)\       )\/\
                ||----w |
                ||     ||


2025-03-19 16:58:27,545 p=3258911 u=tallonea n=ansible INFO| changed: [qa-server]
2025-03-19 16:58:27,566 p=3258911 u=tallonea n=ansible INFO|  ______________________________________________
< TASK [activemq_setup : Create activemq user] >
 ----------------------------------------------
        \   ^__^
         \  (oo)\_______
            (__)\       )\/\
                ||----w |
                ||     ||


2025-03-19 16:58:29,011 p=3258911 u=tallonea n=ansible INFO| changed: [qa-server]
2025-03-19 16:58:29,034 p=3258911 u=tallonea n=ansible INFO|  ___________________________________________
< TASK [activemq_setup : Download ActiveMQ] >
 -------------------------------------------
        \   ^__^
         \  (oo)\_______
            (__)\       )\/\
                ||----w |
                ||     ||


2025-03-19 16:58:31,693 p=3258911 u=tallonea n=ansible INFO| changed: [qa-server]
2025-03-19 16:58:31,717 p=3258911 u=tallonea n=ansible INFO|  __________________________________________
< TASK [activemq_setup : Extract ActiveMQ] >
 ------------------------------------------
        \   ^__^
         \  (oo)\_______
            (__)\       )\/\
                ||----w |
                ||     ||


2025-03-19 16:58:35,714 p=3258911 u=tallonea n=ansible INFO| changed: [qa-server]
2025-03-19 16:58:35,742 p=3258911 u=tallonea n=ansible INFO|  _______________________________________________________
< TASK [activemq_setup : Set ownership and permissions] >
 -------------------------------------------------------
        \   ^__^
         \  (oo)\_______
            (__)\       )\/\
                ||----w |
                ||     ||


2025-03-19 16:58:37,206 p=3258911 u=tallonea n=ansible INFO| changed: [qa-server]
2025-03-19 16:58:37,230 p=3258911 u=tallonea n=ansible INFO|  ________________________________________________________
< TASK [activemq_setup : Delete symlink dir if existing] >
 --------------------------------------------------------
        \   ^__^
         \  (oo)\_______
            (__)\       )\/\
                ||----w |
                ||     ||


2025-03-19 16:58:38,462 p=3258911 u=tallonea n=ansible INFO| changed: [qa-server]
2025-03-19 16:58:38,485 p=3258911 u=tallonea n=ansible INFO|  _____________________________________
< TASK [activemq_setup : Set symlink] >
 -------------------------------------
        \   ^__^
         \  (oo)\_______
            (__)\       )\/\
                ||----w |
                ||     ||


2025-03-19 16:58:39,726 p=3258911 u=tallonea n=ansible INFO| changed: [qa-server]
2025-03-19 16:58:39,753 p=3258911 u=tallonea n=ansible INFO|  _______________________________________________________
< TASK [activemq_setup : Deploy ActiveMQ configuration] >
 -------------------------------------------------------
        \   ^__^
         \  (oo)\_______
            (__)\       )\/\
                ||----w |
                ||     ||


2025-03-19 16:58:42,613 p=3258911 u=tallonea n=ansible INFO| changed: [qa-server]
2025-03-19 16:58:42,639 p=3258911 u=tallonea n=ansible INFO|  _________________________________________________________
< TASK [activemq_setup : Create ActiveMQ systemd service] >
 ---------------------------------------------------------
        \   ^__^
         \  (oo)\_______
            (__)\       )\/\
                ||----w |
                ||     ||


2025-03-19 16:58:45,281 p=3258911 u=tallonea n=ansible INFO| changed: [qa-server]
2025-03-19 16:58:45,305 p=3258911 u=tallonea n=ansible INFO|  ___________________________________________________
< TASK [activemq_setup : Start and Enable ActiveMQ] >
 ---------------------------------------------------
        \   ^__^
         \  (oo)\_______
            (__)\       )\/\
                ||----w |
                ||     ||


2025-03-19 16:58:47,250 p=3258911 u=tallonea n=ansible INFO| changed: [qa-server]
2025-03-19 16:58:47,283 p=3258911 u=tallonea n=ansible INFO|  _____________________________________________________
< RUNNING HANDLER [activemq_setup : Restart ActiveMQ] >
 -----------------------------------------------------
        \   ^__^
         \  (oo)\_______
            (__)\       )\/\
                ||----w |
                ||     ||


2025-03-19 16:58:48,793 p=3258911 u=tallonea n=ansible INFO| fatal: [qa-server]: FAILED! => {"changed": false, "msg": "Unable to start service activemq: Job for activemq.service failed because the control process exited with error code.\nSee \"systemctl status activemq.service\" and \"journalctl -xeu activemq.service\" for details.\n"}
2025-03-19 16:58:48,812 p=3258911 u=tallonea n=ansible INFO|  ____________
< PLAY RECAP >
 ------------
        \   ^__^
         \  (oo)\_______
            (__)\       )\/\
                ||----w |
                ||     ||


2025-03-19 16:58:48,813 p=3258911 u=tallonea n=ansible INFO| qa-server                  : ok=11   changed=10   unreachable=0    failed=1    skipped=0    rescued=0    ignored=0   
2025-03-19 17:03:26,154 p=3337222 u=tallonea n=ansible INFO| {}
2025-03-19 17:03:27,444 p=3338178 u=tallonea n=ansible INFO| {
    "ansible.builtin.runas": "Run As user",
    "ansible.builtin.su": "Substitute User",
    "ansible.builtin.sudo": "Substitute User DO"
}
2025-03-19 17:03:27,709 p=3338352 u=tallonea n=ansible INFO| {
    "ansible.builtin.runas": "Run As user",
    "ansible.builtin.su": "Substitute User",
    "ansible.builtin.sudo": "Substitute User DO"
}
2025-03-19 17:05:47,861 p=3371030 u=tallonea n=ansible INFO| {}
2025-03-19 17:05:48,927 p=3371239 u=tallonea n=ansible INFO| {
    "ansible.builtin.runas": "Run As user",
    "ansible.builtin.su": "Substitute User",
    "ansible.builtin.sudo": "Substitute User DO"
}
2025-03-19 17:05:50,894 p=3371636 u=tallonea n=ansible INFO| {}
2025-03-19 17:05:52,280 p=3372202 u=tallonea n=ansible INFO| {
    "ansible.builtin.runas": "Run As user",
    "ansible.builtin.su": "Substitute User",
    "ansible.builtin.sudo": "Substitute User DO"
}
2025-03-19 17:06:24,023 p=3379993 u=tallonea n=ansible INFO| {}
2025-03-19 17:06:24,694 p=3380020 u=tallonea n=ansible INFO| {
    "ansible.builtin.runas": "Run As user",
    "ansible.builtin.su": "Substitute User",
    "ansible.builtin.sudo": "Substitute User DO"
}
2025-03-19 17:06:36,577 p=3383103 u=tallonea n=ansible INFO| {}
2025-03-19 17:06:37,784 p=3384112 u=tallonea n=ansible INFO| {
    "ansible.builtin.runas": "Run As user",
    "ansible.builtin.su": "Substitute User",
    "ansible.builtin.sudo": "Substitute User DO"
}
2025-03-19 17:06:38,693 p=3384153 u=tallonea n=ansible INFO| {
    "ansible.builtin.runas": "Run As user",
    "ansible.builtin.su": "Substitute User",
    "ansible.builtin.sudo": "Substitute User DO"
}
2025-03-19 17:06:41,051 p=3384516 u=tallonea n=ansible INFO| {}
2025-03-19 17:06:42,178 p=3385077 u=tallonea n=ansible INFO| {
    "ansible.builtin.runas": "Run As user",
    "ansible.builtin.su": "Substitute User",
    "ansible.builtin.sudo": "Substitute User DO"
}
2025-03-19 17:06:43,533 p=3385417 u=tallonea n=ansible INFO| {}
2025-03-19 17:06:44,520 p=3385450 u=tallonea n=ansible INFO| {
    "ansible.builtin.runas": "Run As user",
    "ansible.builtin.su": "Substitute User",
    "ansible.builtin.sudo": "Substitute User DO"
}
2025-03-19 17:06:47,049 p=3386501 u=tallonea n=ansible INFO| {}
2025-03-19 17:06:48,332 p=3386831 u=tallonea n=ansible INFO| {
    "ansible.builtin.runas": "Run As user",
    "ansible.builtin.su": "Substitute User",
    "ansible.builtin.sudo": "Substitute User DO"
}
2025-03-19 17:06:49,464 p=3386894 u=tallonea n=ansible INFO| {
    "ansible.builtin.runas": "Run As user",
    "ansible.builtin.su": "Substitute User",
    "ansible.builtin.sudo": "Substitute User DO"
}
2025-03-19 17:06:49,805 p=3386912 u=tallonea n=ansible INFO| {}
2025-03-19 17:06:50,849 p=3387214 u=tallonea n=ansible INFO| {
    "ansible.builtin.runas": "Run As user",
    "ansible.builtin.su": "Substitute User",
    "ansible.builtin.sudo": "Substitute User DO"
}
2025-03-19 17:07:03,009 p=3390030 u=tallonea n=ansible INFO| {
    "ansible.builtin.runas": "Run As user",
    "ansible.builtin.su": "Substitute User",
    "ansible.builtin.sudo": "Substitute User DO"
}
2025-03-19 17:07:32,051 p=3396230 u=tallonea n=ansible INFO|  _______________________________
< PLAY [Deploy ActiveMQ to SVI] >
 -------------------------------
        \   ^__^
         \  (oo)\_______
            (__)\       )\/\
                ||----w |
                ||     ||


2025-03-19 17:07:32,052 p=3396230 u=tallonea n=ansible INFO| skipping: no hosts matched
2025-03-19 17:07:32,070 p=3396230 u=tallonea n=ansible INFO|  ______________________________
< PLAY [Deploy ActiveMQ to QA] >
 ------------------------------
        \   ^__^
         \  (oo)\_______
            (__)\       )\/\
                ||----w |
                ||     ||


2025-03-19 17:07:32,102 p=3396230 u=tallonea n=ansible INFO|  ________________________
< TASK [Gathering Facts] >
 ------------------------
        \   ^__^
         \  (oo)\_______
            (__)\       )\/\
                ||----w |
                ||     ||


2025-03-19 17:07:35,104 p=3396230 u=tallonea n=ansible INFO| ok: [qa-server]
2025-03-19 17:07:35,131 p=3396230 u=tallonea n=ansible INFO|  _______________________________________________
< TASK [activemq_setup : Create activemq group] >
 -----------------------------------------------
        \   ^__^
         \  (oo)\_______
            (__)\       )\/\
                ||----w |
                ||     ||


2025-03-19 17:07:36,531 p=3396230 u=tallonea n=ansible INFO| ok: [qa-server]
2025-03-19 17:07:36,566 p=3396230 u=tallonea n=ansible INFO|  ______________________________________________
< TASK [activemq_setup : Create activemq user] >
 ----------------------------------------------
        \   ^__^
         \  (oo)\_______
            (__)\       )\/\
                ||----w |
                ||     ||


2025-03-19 17:07:37,987 p=3396230 u=tallonea n=ansible INFO| ok: [qa-server]
2025-03-19 17:07:38,014 p=3396230 u=tallonea n=ansible INFO|  _____________________________________________________________
/ TASK [activemq_setup : Install System Requirements (Java 21 \
\ JDK, unzip, wget)]                                          /
 -------------------------------------------------------------
        \   ^__^
         \  (oo)\_______
            (__)\       )\/\
                ||----w |
                ||     ||


2025-03-19 17:08:49,222 p=3396230 u=tallonea n=ansible INFO| changed: [qa-server]
2025-03-19 17:08:49,263 p=3396230 u=tallonea n=ansible INFO|  _____________________________________________________________
/ TASK [activemq_setup : Install System Requirements (Java 21 \
\ JDK, unzip, wget - RedHat)]                                 /
 -------------------------------------------------------------
        \   ^__^
         \  (oo)\_______
            (__)\       )\/\
                ||----w |
                ||     ||


2025-03-19 17:08:49,276 p=3396230 u=tallonea n=ansible INFO| skipping: [qa-server]
2025-03-19 17:08:49,305 p=3396230 u=tallonea n=ansible INFO|  ___________________________________________
< TASK [activemq_setup : Download ActiveMQ] >
 -------------------------------------------
        \   ^__^
         \  (oo)\_______
            (__)\       )\/\
                ||----w |
                ||     ||


2025-03-19 17:08:51,030 p=3396230 u=tallonea n=ansible INFO| ok: [qa-server]
2025-03-19 17:08:51,075 p=3396230 u=tallonea n=ansible INFO|  __________________________________________
< TASK [activemq_setup : Extract ActiveMQ] >
 ------------------------------------------
        \   ^__^
         \  (oo)\_______
            (__)\       )\/\
                ||----w |
                ||     ||


2025-03-19 17:08:55,899 p=3396230 u=tallonea n=ansible INFO| changed: [qa-server]
2025-03-19 17:08:55,920 p=3396230 u=tallonea n=ansible INFO|  _______________________________________________________
< TASK [activemq_setup : Set ownership and permissions] >
 -------------------------------------------------------
        \   ^__^
         \  (oo)\_______
            (__)\       )\/\
                ||----w |
                ||     ||


2025-03-19 17:08:57,315 p=3396230 u=tallonea n=ansible INFO| changed: [qa-server]
2025-03-19 17:08:57,339 p=3396230 u=tallonea n=ansible INFO|  ________________________________________________________
< TASK [activemq_setup : Delete symlink dir if existing] >
 --------------------------------------------------------
        \   ^__^
         \  (oo)\_______
            (__)\       )\/\
                ||----w |
                ||     ||


2025-03-19 17:08:58,592 p=3396230 u=tallonea n=ansible INFO| changed: [qa-server]
2025-03-19 17:08:58,623 p=3396230 u=tallonea n=ansible INFO|  _____________________________________
< TASK [activemq_setup : Set symlink] >
 -------------------------------------
        \   ^__^
         \  (oo)\_______
            (__)\       )\/\
                ||----w |
                ||     ||


2025-03-19 17:08:59,866 p=3396230 u=tallonea n=ansible INFO| changed: [qa-server]
2025-03-19 17:08:59,892 p=3396230 u=tallonea n=ansible INFO|  _______________________________________________________
< TASK [activemq_setup : Deploy ActiveMQ configuration] >
 -------------------------------------------------------
        \   ^__^
         \  (oo)\_______
            (__)\       )\/\
                ||----w |
                ||     ||


2025-03-19 17:09:02,697 p=3396230 u=tallonea n=ansible INFO| changed: [qa-server]
2025-03-19 17:09:02,719 p=3396230 u=tallonea n=ansible INFO|  _________________________________________________________
< TASK [activemq_setup : Create ActiveMQ systemd service] >
 ---------------------------------------------------------
        \   ^__^
         \  (oo)\_______
            (__)\       )\/\
                ||----w |
                ||     ||


2025-03-19 17:09:04,904 p=3396230 u=tallonea n=ansible INFO| ok: [qa-server]
2025-03-19 17:09:04,925 p=3396230 u=tallonea n=ansible INFO|  ___________________________________________________
< TASK [activemq_setup : Start and Enable ActiveMQ] >
 ---------------------------------------------------
        \   ^__^
         \  (oo)\_______
            (__)\       )\/\
                ||----w |
                ||     ||


2025-03-19 17:09:06,608 p=3396230 u=tallonea n=ansible INFO| changed: [qa-server]
2025-03-19 17:09:06,640 p=3396230 u=tallonea n=ansible INFO|  _____________________________________________________
< RUNNING HANDLER [activemq_setup : Restart ActiveMQ] >
 -----------------------------------------------------
        \   ^__^
         \  (oo)\_______
            (__)\       )\/\
                ||----w |
                ||     ||


2025-03-19 17:09:11,768 p=3396230 u=tallonea n=ansible INFO| changed: [qa-server]
2025-03-19 17:09:11,788 p=3396230 u=tallonea n=ansible INFO|  ________________________________
< PLAY [Deploy ActiveMQ to PROD] >
 --------------------------------
        \   ^__^
         \  (oo)\_______
            (__)\       )\/\
                ||----w |
                ||     ||


2025-03-19 17:09:11,788 p=3396230 u=tallonea n=ansible INFO| skipping: no hosts matched
2025-03-19 17:09:11,805 p=3396230 u=tallonea n=ansible INFO|  ____________
< PLAY RECAP >
 ------------
        \   ^__^
         \  (oo)\_______
            (__)\       )\/\
                ||----w |
                ||     ||


2025-03-19 17:09:11,805 p=3396230 u=tallonea n=ansible INFO| qa-server                  : ok=13   changed=8    unreachable=0    failed=0    skipped=1    rescued=0    ignored=0   
